{
  "stats": {
    "suites": 1,
    "tests": 1,
    "passes": 0,
    "pending": 0,
    "failures": 1,
    "start": "2026-02-03T15:38:55.486Z",
    "end": "2026-02-03T15:39:25.787Z",
    "duration": 30301,
    "testsRegistered": 1,
    "passPercent": 0,
    "pendingPercent": 0,
    "other": 0,
    "hasOther": false,
    "skipped": 0,
    "hasSkipped": false
  },
  "results": [
    {
      "uuid": "f6b81a90-db95-4173-8785-ede522f67720",
      "title": "",
      "fullFile": "cypress/e2e/api-mensagens.cy.js",
      "file": "cypress/e2e/api-mensagens.cy.js",
      "beforeHooks": [],
      "afterHooks": [],
      "tests": [],
      "suites": [
        {
          "uuid": "0547a56c-f728-4087-b9bc-3fc21d365859",
          "title": "API Adopet",
          "fullFile": "",
          "file": "",
          "beforeHooks": [],
          "afterHooks": [],
          "tests": [
            {
              "title": "Mensagens da API",
              "fullTitle": "API Adopet Mensagens da API",
              "timedOut": null,
              "duration": 30243,
              "state": "failed",
              "speed": null,
              "pass": false,
              "fail": true,
              "pending": false,
              "context": null,
              "code": "cy.request({\n  method: 'GET',\n  url: 'https://adopet-api-i8qu.onrender.com/mensagem/0b72d089-fec2-475d-bfc4-b05138574575',\n  headers: Cypress.env()\n}).then(res => {\n  expect(res.status).to.be.equal(200);\n  expect(res.body).to.not.be.empty;\n  expect(res.body).to.have.property('msg');\n});",
              "err": {
                "message": "CypressError: `cy.request()` timed out waiting `30000ms` for a response from your server.\n\nThe request we sent was:\n\nMethod: GET\nURL: https://adopet-api-i8qu.onrender.com/mensagem/0b72d089-fec2-475d-bfc4-b05138574575\n\nNo response was received within the timeout.\n\nhttps://on.cypress.io/request",
                "estack": "CypressError: `cy.request()` timed out waiting `30000ms` for a response from your server.\n\nThe request we sent was:\n\nMethod: GET\nURL: https://adopet-api-i8qu.onrender.com/mensagem/0b72d089-fec2-475d-bfc4-b05138574575\n\nNo response was received within the timeout.\n\nhttps://on.cypress.io/request\n    at <unknown> (http://localhost:50857/__cypress/runner/cypress_runner.js:135032:70)\n    at tryCatcher (http://localhost:50857/__cypress/runner/cypress_runner.js:1777:23)\n    at <unknown> (http://localhost:50857/__cypress/runner/cypress_runner.js:4156:41)\n    at tryCatcher (http://localhost:50857/__cypress/runner/cypress_runner.js:1777:23)\n    at Promise._settlePromiseFromHandler (http://localhost:50857/__cypress/runner/cypress_runner.js:1489:31)\n    at Promise._settlePromise (http://localhost:50857/__cypress/runner/cypress_runner.js:1546:18)\n    at Promise._settlePromise0 (http://localhost:50857/__cypress/runner/cypress_runner.js:1591:10)\n    at Promise._settlePromises (http://localhost:50857/__cypress/runner/cypress_runner.js:1667:18)\n    at _drainQueueStep (http://localhost:50857/__cypress/runner/cypress_runner.js:2377:12)\n    at _drainQueue (http://localhost:50857/__cypress/runner/cypress_runner.js:2370:9)\n    at Async._drainQueues (http://localhost:50857/__cypress/runner/cypress_runner.js:2386:5)\n    at Async.drainQueues (http://localhost:50857/__cypress/runner/cypress_runner.js:2256:14)\nFrom Your Spec Code:\n    at Context.eval (webpack://curso_cypress/./cypress/e2e/api-mensagens.cy.js:3:7)",
                "diff": null
              },
              "uuid": "5db85496-a5d0-4439-87d8-09bea1cc48d4",
              "parentUUID": "0547a56c-f728-4087-b9bc-3fc21d365859",
              "isHook": false,
              "skipped": false
            }
          ],
          "suites": [],
          "passes": [],
          "failures": [
            "5db85496-a5d0-4439-87d8-09bea1cc48d4"
          ],
          "pending": [],
          "skipped": [],
          "duration": 30243,
          "root": false,
          "rootEmpty": false,
          "_timeout": 2000
        }
      ],
      "passes": [],
      "failures": [],
      "pending": [],
      "skipped": [],
      "duration": 0,
      "root": true,
      "rootEmpty": true,
      "_timeout": 2000
    }
  ],
  "meta": {
    "mocha": {
      "version": "7.2.0"
    },
    "mochawesome": {
      "options": {
        "quiet": false,
        "reportFilename": "mochawesome",
        "saveHtml": true,
        "saveJson": true,
        "consoleReporter": "spec",
        "useInlineDiffs": false,
        "code": true
      },
      "version": "7.1.4"
    },
    "marge": {
      "options": {
        "reportDir": "cypress/results",
        "overwrite": false,
        "html": true,
        "json": true,
        "timestamp": "mmddyyyy_HHMMss"
      },
      "version": "6.3.2"
    }
  }
}