{
  "stats": {
    "suites": 1,
    "tests": 1,
    "passes": 0,
    "pending": 0,
    "failures": 1,
    "start": "2026-02-03T15:40:21.433Z",
    "end": "2026-02-03T15:40:21.990Z",
    "duration": 557,
    "testsRegistered": 1,
    "passPercent": 0,
    "pendingPercent": 0,
    "other": 0,
    "hasOther": false,
    "skipped": 0,
    "hasSkipped": false
  },
  "results": [
    {
      "uuid": "472353cd-24ff-4470-ad5f-e1e1aa9fdbd7",
      "title": "",
      "fullFile": "cypress/e2e/api-mensagens.cy.js",
      "file": "cypress/e2e/api-mensagens.cy.js",
      "beforeHooks": [],
      "afterHooks": [],
      "tests": [],
      "suites": [
        {
          "uuid": "1c06f4ee-fc6b-4781-a2da-d22e7b6ddc2f",
          "title": "API Adopet",
          "fullFile": "",
          "file": "",
          "beforeHooks": [],
          "afterHooks": [],
          "tests": [
            {
              "title": "Mensagens da API",
              "fullTitle": "API Adopet Mensagens da API",
              "timedOut": null,
              "duration": 506,
              "state": "failed",
              "speed": null,
              "pass": false,
              "fail": true,
              "pending": false,
              "context": null,
              "code": "cy.request({\n  method: 'GET',\n  url: 'https://adopet-api-i8qu.onrender.com/mensagem/0b72d089-fec2-475d-bfc4-b05138574575',\n  headers: Cypress.env()\n}).then(res => {\n  expect(res.status).to.be.equal(200);\n  expect(res.body).to.not.be.empty;\n  expect(res.body).to.have.property('msg');\n});",
              "err": {
                "message": "CypressError: `cy.request()` failed on:\n\nhttps://adopet-api-i8qu.onrender.com/mensagem/0b72d089-fec2-475d-bfc4-b05138574575\n\nThe response we received from your web server was:\n\n  > 401: Unauthorized\n\nThis was considered a failure because the status code was not `2xx` or `3xx`.\n\nIf you do not want status codes to cause failures pass the option: `failOnStatusCode: false`\n\n-----------------------------------------------------------\n\nThe request we sent was:\n\nMethod: GET\nURL: https://adopet-api-i8qu.onrender.com/mensagem/0b72d089-fec2-475d-bfc4-b05138574575\nHeaders: {\n  \"Connection\": \"keep-alive\",\n  \"user-agent\": \"Mozilla/5.0 (Macintosh; Intel Mac OS X 10_15_7) AppleWebKit/537.36 (KHTML, like Gecko) Cypress/14.3.1 Chrome/130.0.6723.137 Electron/33.2.1 Safari/537.36\",\n  \"accept\": \"*/*\",\n  \"accept-encoding\": \"gzip, deflate\"\n}\n\n-----------------------------------------------------------\n\nThe response we got was:\n\nStatus: 401 - Unauthorized\nHeaders: {\n  \"date\": \"Tue, 03 Feb 2026 15:40:21 GMT\",\n  \"content-type\": \"application/json; charset=utf-8\",\n  \"transfer-encoding\": \"chunked\",\n  \"connection\": \"keep-alive\",\n  \"cf-ray\": \"9c8306bb69922f4e-LIS\",\n  \"access-control-allow-credentials\": \"true\",\n  \"access-control-expose-headers\": \"Authorization\",\n  \"etag\": \"W/\\\"4c-HPgXiatEDiiqxmdue+ndikRQzM4\\\"\",\n  \"rndr-id\": \"11aed516-7e8e-433a\",\n  \"vary\": \"Origin, Accept-Encoding\",\n  \"x-powered-by\": \"Express\",\n  \"x-render-origin-server\": \"Render\",\n  \"cf-cache-status\": \"DYNAMIC\",\n  \"server\": \"cloudflare\",\n  \"alt-svc\": \"h3=\\\":443\\\"; ma=86400\"\n}\nBody: {\n  \"statusCode\": 401,\n  \"message\": \"Erro de autenticação\",\n  \"error\": \"Unauthorized\"\n}\n\n\nhttps://on.cypress.io/request",
                "estack": "CypressError: `cy.request()` failed on:\n\nhttps://adopet-api-i8qu.onrender.com/mensagem/0b72d089-fec2-475d-bfc4-b05138574575\n\nThe response we received from your web server was:\n\n  > 401: Unauthorized\n\nThis was considered a failure because the status code was not `2xx` or `3xx`.\n\nIf you do not want status codes to cause failures pass the option: `failOnStatusCode: false`\n\n-----------------------------------------------------------\n\nThe request we sent was:\n\nMethod: GET\nURL: https://adopet-api-i8qu.onrender.com/mensagem/0b72d089-fec2-475d-bfc4-b05138574575\nHeaders: {\n  \"Connection\": \"keep-alive\",\n  \"user-agent\": \"Mozilla/5.0 (Macintosh; Intel Mac OS X 10_15_7) AppleWebKit/537.36 (KHTML, like Gecko) Cypress/14.3.1 Chrome/130.0.6723.137 Electron/33.2.1 Safari/537.36\",\n  \"accept\": \"*/*\",\n  \"accept-encoding\": \"gzip, deflate\"\n}\n\n-----------------------------------------------------------\n\nThe response we got was:\n\nStatus: 401 - Unauthorized\nHeaders: {\n  \"date\": \"Tue, 03 Feb 2026 15:40:21 GMT\",\n  \"content-type\": \"application/json; charset=utf-8\",\n  \"transfer-encoding\": \"chunked\",\n  \"connection\": \"keep-alive\",\n  \"cf-ray\": \"9c8306bb69922f4e-LIS\",\n  \"access-control-allow-credentials\": \"true\",\n  \"access-control-expose-headers\": \"Authorization\",\n  \"etag\": \"W/\\\"4c-HPgXiatEDiiqxmdue+ndikRQzM4\\\"\",\n  \"rndr-id\": \"11aed516-7e8e-433a\",\n  \"vary\": \"Origin, Accept-Encoding\",\n  \"x-powered-by\": \"Express\",\n  \"x-render-origin-server\": \"Render\",\n  \"cf-cache-status\": \"DYNAMIC\",\n  \"server\": \"cloudflare\",\n  \"alt-svc\": \"h3=\\\":443\\\"; ma=86400\"\n}\nBody: {\n  \"statusCode\": 401,\n  \"message\": \"Erro de autenticação\",\n  \"error\": \"Unauthorized\"\n}\n\n\nhttps://on.cypress.io/request\n    at <unknown> (http://localhost:51225/__cypress/runner/cypress_runner.js:135015:72)\n    at tryCatcher (http://localhost:51225/__cypress/runner/cypress_runner.js:1777:23)\n    at Promise._settlePromiseFromHandler (http://localhost:51225/__cypress/runner/cypress_runner.js:1489:31)\n    at Promise._settlePromise (http://localhost:51225/__cypress/runner/cypress_runner.js:1546:18)\n    at Promise._settlePromise0 (http://localhost:51225/__cypress/runner/cypress_runner.js:1591:10)\n    at Promise._settlePromises (http://localhost:51225/__cypress/runner/cypress_runner.js:1671:18)\n    at _drainQueueStep (http://localhost:51225/__cypress/runner/cypress_runner.js:2377:12)\n    at _drainQueue (http://localhost:51225/__cypress/runner/cypress_runner.js:2370:9)\n    at Async._drainQueues (http://localhost:51225/__cypress/runner/cypress_runner.js:2386:5)\n    at Async.drainQueues (http://localhost:51225/__cypress/runner/cypress_runner.js:2256:14)\nFrom Your Spec Code:\n    at Context.eval (webpack://curso_cypress/./cypress/e2e/api-mensagens.cy.js:3:7)",
                "diff": null
              },
              "uuid": "33c97a10-66f4-4ac8-90a6-2f684bff0a5e",
              "parentUUID": "1c06f4ee-fc6b-4781-a2da-d22e7b6ddc2f",
              "isHook": false,
              "skipped": false
            }
          ],
          "suites": [],
          "passes": [],
          "failures": [
            "33c97a10-66f4-4ac8-90a6-2f684bff0a5e"
          ],
          "pending": [],
          "skipped": [],
          "duration": 506,
          "root": false,
          "rootEmpty": false,
          "_timeout": 2000
        }
      ],
      "passes": [],
      "failures": [],
      "pending": [],
      "skipped": [],
      "duration": 0,
      "root": true,
      "rootEmpty": true,
      "_timeout": 2000
    }
  ],
  "meta": {
    "mocha": {
      "version": "7.2.0"
    },
    "mochawesome": {
      "options": {
        "quiet": false,
        "reportFilename": "mochawesome",
        "saveHtml": true,
        "saveJson": true,
        "consoleReporter": "spec",
        "useInlineDiffs": false,
        "code": true
      },
      "version": "7.1.4"
    },
    "marge": {
      "options": {
        "reportDir": "cypress/results",
        "overwrite": false,
        "html": true,
        "json": true,
        "timestamp": "mmddyyyy_HHMMss"
      },
      "version": "6.3.2"
    }
  }
}